<?xml version="1.0" encoding="UTF-8"?>
<!-- Generated by org.testng.reporters.JUnitReportReporter -->
<testsuite skipped="0" hostname="jhamil-pc" name="com.example.service.CalculateSimpleTest" tests="8" failures="0" timestamp="11 feb 2021 21:40:01 GMT" time="0.206" errors="0">
  <testcase name="testFibonacci" time="0.027" classname="com.example.service.CalculateSimpleTest"/>
  <testcase name="testAdd" time="0.022" classname="com.example.service.CalculateSimpleTest"/>
  <testcase name="testFactorial" time="0.027" classname="com.example.service.CalculateSimpleTest"/>
  <testcase name="testSubstract" time="0.027" classname="com.example.service.CalculateSimpleTest"/>
  <testcase name="testMultiply" time="0.026" classname="com.example.service.CalculateSimpleTest"/>
  <testcase name="testDivide" time="0.027" classname="com.example.service.CalculateSimpleTest"/>
  <testcase name="testPower" time="0.024" classname="com.example.service.CalculateSimpleTest"/>
  <testcase name="testSqrt" time="0.026" classname="com.example.service.CalculateSimpleTest"/>
</testsuite> <!-- com.example.service.CalculateSimpleTest -->
