<?xml version="1.0" encoding="UTF-8"?>
<!-- Generated by org.testng.reporters.JUnitReportReporter -->
<testsuite skipped="0" hostname="jhamil-pc" name="com.example.service.CalculateSimpleNGTest" tests="10" failures="0" timestamp="11 feb 2021 22:40:25 GMT" time="49.070" errors="0">
  <testcase name="testAdd" time="4.951" classname="com.example.service.CalculateSimpleNGTest"/>
  <testcase name="testPower" time="5.315" classname="com.example.service.CalculateSimpleNGTest"/>
  <testcase name="testClear1" time="4.803" classname="com.example.service.CalculateSimpleNGTest"/>
  <testcase name="testDivide" time="4.902" classname="com.example.service.CalculateSimpleNGTest"/>
  <testcase name="testFactorial" time="4.858" classname="com.example.service.CalculateSimpleNGTest"/>
  <testcase name="testMultiply" time="4.968" classname="com.example.service.CalculateSimpleNGTest"/>
  <testcase name="testSubstract" time="4.876" classname="com.example.service.CalculateSimpleNGTest"/>
  <testcase name="testClear2" time="4.740" classname="com.example.service.CalculateSimpleNGTest"/>
  <testcase name="testFibonacci" time="4.828" classname="com.example.service.CalculateSimpleNGTest"/>
  <testcase name="testSqrt" time="4.829" classname="com.example.service.CalculateSimpleNGTest"/>
</testsuite> <!-- com.example.service.CalculateSimpleNGTest -->
